<?xml version="1.0" encoding="UTF-8"?>
<!-- Generated by org.testng.reporters.JUnitXMLReporter -->
<testsuite hostname="Gundeepsingh-PC" ignored="0" name="Default test" tests="4" failures="0" timestamp="11 Jan 2021 04:46:55 GMT" time="11.628" errors="0">
  <testcase name="getAvailablePets" time="4.62" classname="com.DemoPet.Scenarios.DemoPetsScenarioTesting"/>
  <testcase name="postNewAvailablePet" time="3.005" classname="com.DemoPet.Scenarios.DemoPetsScenarioTesting"/>
  <testcase name="updatePetStatus" time="2.139" classname="com.DemoPet.Scenarios.DemoPetsScenarioTesting"/>
  <testcase name="deletePetID" time="1.295" classname="com.DemoPet.Scenarios.DemoPetsScenarioTesting"/>
</testsuite> <!-- Default test -->
