<?xml version="1.0" encoding="UTF-8"?>
<!-- Generated by org.testng.reporters.JUnitXMLReporter -->
<testsuite hostname="Gundeepsingh-PC" ignored="0" name="Test" tests="4" failures="0" timestamp="11 Jan 2021 04:50:32 GMT" time="12.161" errors="0">
  <testcase name="getAvailablePets" time="5.408" classname="com.DemoPet.Scenarios.DemoPetsScenarioTesting"/>
  <testcase name="postNewAvailablePet" time="2.781" classname="com.DemoPet.Scenarios.DemoPetsScenarioTesting"/>
  <testcase name="updatePetStatus" time="2.07" classname="com.DemoPet.Scenarios.DemoPetsScenarioTesting"/>
  <testcase name="deletePetID" time="1.297" classname="com.DemoPet.Scenarios.DemoPetsScenarioTesting"/>
</testsuite> <!-- Test -->
